<?xml version="1.0" encoding="UTF-8"?>
<!-- Generated by org.testng.reporters.JUnitXMLReporter -->
<testsuite hostname="Akil-PC" ignored="0" name="Default test" tests="5" failures="0" timestamp="22 May 2019 02:22:59 GMT" time="182.981" errors="0">
  <testcase name="createContactsTest" time="6.091" classname="com.qa.hubspot.tests.ContactPageTest"/>
  <testcase name="createContactsTest" time="7.792" classname="com.qa.hubspot.tests.ContactPageTest"/>
  <testcase name="createContactsTest" time="8.552" classname="com.qa.hubspot.tests.ContactPageTest"/>
  <testcase name="createContactsTest" time="7.786" classname="com.qa.hubspot.tests.ContactPageTest"/>
  <testcase name="createContactsTest" time="8.526" classname="com.qa.hubspot.tests.ContactPageTest"/>
</testsuite> <!-- Default test -->
