<?xml version="1.0" encoding="UTF-8"?>
<testng-results skipped="0" failed="0" ignored="0" total="3" passed="3">
  <reporter-output>
  </reporter-output>
  <suite name="Hub Spot Test Suite" duration-ms="60267" started-at="2019-05-25T16:18:53Z" finished-at="2019-05-25T16:19:54Z">
    <groups>
    </groups>
    <test name="hub spot Regression Test" duration-ms="60267" started-at="2019-05-25T16:18:53Z" finished-at="2019-05-25T16:19:54Z">
      <class name="com.qa.hubspot.tests.LoginPageTest">
        <test-method status="PASS" signature="setUp()[pri:0, instance:com.qa.hubspot.tests.LoginPageTest@b3d7190]" name="setUp" is-config="true" duration-ms="28021" started-at="2019-05-25T16:18:53Z" finished-at="2019-05-25T16:19:21Z">
          <reporter-output>
          </reporter-output>
        </test-method> <!-- setUp -->
        <test-method status="PASS" signature="verifyLoginPageTitleTest()[pri:1, instance:com.qa.hubspot.tests.LoginPageTest@b3d7190]" name="verifyLoginPageTitleTest" duration-ms="55" started-at="2019-05-25T16:19:21Z" finished-at="2019-05-25T16:19:21Z">
          <reporter-output>
          </reporter-output>
        </test-method> <!-- verifyLoginPageTitleTest -->
        <test-method status="PASS" signature="tearDown()[pri:0, instance:com.qa.hubspot.tests.LoginPageTest@b3d7190]" name="tearDown" is-config="true" duration-ms="1599" started-at="2019-05-25T16:19:21Z" finished-at="2019-05-25T16:19:23Z">
          <reporter-output>
          </reporter-output>
        </test-method> <!-- tearDown -->
        <test-method status="PASS" signature="setUp()[pri:0, instance:com.qa.hubspot.tests.LoginPageTest@b3d7190]" name="setUp" is-config="true" duration-ms="12343" started-at="2019-05-25T16:19:23Z" finished-at="2019-05-25T16:19:35Z">
          <reporter-output>
          </reporter-output>
        </test-method> <!-- setUp -->
        <test-method status="PASS" signature="verifySignUpLinkTest()[pri:2, instance:com.qa.hubspot.tests.LoginPageTest@b3d7190]" name="verifySignUpLinkTest" duration-ms="221" started-at="2019-05-25T16:19:35Z" finished-at="2019-05-25T16:19:36Z">
          <reporter-output>
          </reporter-output>
        </test-method> <!-- verifySignUpLinkTest -->
        <test-method status="PASS" signature="tearDown()[pri:0, instance:com.qa.hubspot.tests.LoginPageTest@b3d7190]" name="tearDown" is-config="true" duration-ms="1827" started-at="2019-05-25T16:19:36Z" finished-at="2019-05-25T16:19:37Z">
          <reporter-output>
          </reporter-output>
        </test-method> <!-- tearDown -->
        <test-method status="PASS" signature="setUp()[pri:0, instance:com.qa.hubspot.tests.LoginPageTest@b3d7190]" name="setUp" is-config="true" duration-ms="12693" started-at="2019-05-25T16:19:37Z" finished-at="2019-05-25T16:19:50Z">
          <reporter-output>
          </reporter-output>
        </test-method> <!-- setUp -->
        <test-method status="PASS" signature="loginTest()[pri:3, instance:com.qa.hubspot.tests.LoginPageTest@b3d7190]" name="loginTest" duration-ms="1568" started-at="2019-05-25T16:19:50Z" finished-at="2019-05-25T16:19:52Z">
          <reporter-output>
          </reporter-output>
        </test-method> <!-- loginTest -->
        <test-method status="PASS" signature="tearDown()[pri:0, instance:com.qa.hubspot.tests.LoginPageTest@b3d7190]" name="tearDown" is-config="true" duration-ms="1873" started-at="2019-05-25T16:19:52Z" finished-at="2019-05-25T16:19:54Z">
          <reporter-output>
          </reporter-output>
        </test-method> <!-- tearDown -->
      </class> <!-- com.qa.hubspot.tests.LoginPageTest -->
    </test> <!-- hub spot Regression Test -->
  </suite> <!-- Hub Spot Test Suite -->
</testng-results>
