<?xml version="1.0" encoding="UTF-8"?>
<!-- Generated by org.testng.reporters.JUnitXMLReporter -->
<testsuite hostname="Akil-PC" ignored="0" name="hub spot Regression Test" tests="3" failures="0" timestamp="25 May 2019 16:19:54 GMT" time="60.267" errors="0">
  <testcase name="verifyLoginPageTitleTest" time="0.055" classname="com.qa.hubspot.tests.LoginPageTest"/>
  <testcase name="verifySignUpLinkTest" time="0.221" classname="com.qa.hubspot.tests.LoginPageTest"/>
  <testcase name="loginTest" time="1.568" classname="com.qa.hubspot.tests.LoginPageTest"/>
</testsuite> <!-- hub spot Regression Test -->
